#
# A fatal error has been detected by the Java Runtime Environment:
#
#  EXCEPTION_ACCESS_VIOLATION (0xc0000005) at pc=0x00007ff8d210e32a, pid=12124, tid=21412
#
# JRE version: OpenJDK Runtime Environment Temurin-17.0.3+7 (17.0.3+7) (build 17.0.3+7)
# Java VM: OpenJDK 64-Bit Server VM Temurin-17.0.3+7 (17.0.3+7, mixed mode, emulated-client, tiered, compressed oops, compressed class ptrs, g1 gc, windows-amd64)
# Problematic frame:
# V  [jvm.dll+0x79e32a]
#
# No core dump will be written. Minidumps are not enabled by default on client versions of Windows
#
# If you would like to submit a bug report, please visit:
#   https://github.com/adoptium/adoptium-support/issues
#

---------------  S U M M A R Y ------------

Command Line: -XX:+ShowCodeDetailsInExceptionMessages -agentlib:jdwp=transport=dt_socket,suspend=y,address=localhost:52031 -Dcom.sun.management.jmxremote -Dcom.sun.management.jmxremote.port=52030 -Dcom.sun.management.jmxremote.authenticate=false -Dcom.sun.management.jmxremote.ssl=false -Djava.rmi.server.hostname=localhost -Dspring.jmx.enabled=true -Dspring.application.admin.enabled=true -XX:TieredStopAtLevel=1 -Dspring.boot.project.name=sgc -javaagent:C:\dev\sts-4.15.1.RELEASE\configuration\org.eclipse.osgi\258\0\.cp\lib\javaagent-shaded.jar -Dfile.encoding=UTF-8 br.com.grapesoft.sgc.SgcApplication --spring.profiles.active=dev --spring.output.ansi.enabled=always

Host: AMD Ryzen 5 PRO 4650U with Radeon Graphics, 12 cores, 23G,  Windows 10 , 64 bit Build 19041 (10.0.19041.1806)
Time: Tue Jul 26 01:56:34 2022 Hora oficial do Brasil elapsed time: 1240.837254 seconds (0d 0h 20m 40s)

---------------  T H R E A D  ---------------

Current thread (0x0000023a2e2a3390):  JavaThread "JDWP Transport Listener: dt_socket" daemon [_thread_in_vm, id=21412, stack(0x000000ac82b00000,0x000000ac82c00000)]

Stack: [0x000000ac82b00000,0x000000ac82c00000],  sp=0x000000ac82bff1f0,  free space=1020k
Native frames: (J=compiled Java code, j=interpreted, Vv=VM code, C=native code)
V  [jvm.dll+0x79e32a]
V  [jvm.dll+0x5088cc]
V  [jvm.dll+0x4cff34]
C  [jdwp.dll+0x22dff]


siginfo: EXCEPTION_ACCESS_VIOLATION (0xc0000005), reading address 0x0000000000520053


Register to memory mapping:

RIP=0x00007ff8d210e32a jvm.dll
RAX=0x0000000000000053 is an unknown value
RBX=0x0000023a2e0d8d97 points into unknown readable memory: 2f
RCX=0x000000000052004f is an unknown value
RDX=0x0000023a2f866ba0 points into unknown readable memory: 0x2f6d6f632f72624c | 4c 62 72 2f 63 6f 6d 2f
RSP=0x000000ac82bff1f0 is pointing into the stack for thread: 0x0000023a2e2a3390
RBP=0x0000023a2e297410 points into unknown readable memory: 0x0000000000000002 | 02 00 00 00 00 00 00 00
RSI=0x0 is NULL
RDI=0xffffffffffffffff is an unknown value
R8 =0x0000000000000058 is an unknown value
R9 =0x000000000000003e is an unknown value
R10=0x0000000000000040 is an unknown value
R11=0x000000ac82bff210 is pointing into the stack for thread: 0x0000023a2e2a3390
R12=0x000000ac82bff348 is pointing into the stack for thread: 0x0000023a2e2a3390
R13=0x0 is NULL
R14=0x00000008009ec938 is a pointer to class: 
br.com.grapesoft.sgc.security.service.UsuarioService {0x00000008009ec940}
 - instance size:     3
 - klass size:        79
 - access:            public synchronized 
 - state:             fully_initialized
 - name:              'br/com/grapesoft/sgc/security/service/UsuarioService'
 - super:             'br/com/grapesoft/sgc/core/base/AppCrudService'
 - sub:               
 - arrays:            NULL
 - methods:           Array<T>(0x0000023a34a28320)
 - method ordering:   Array<T>(0x0000023a34a28710)
 - default_methods:   Array<T>(0x0000000000000000)
 - local interfaces:  Array<T>(0x0000023a2d800058)
 - trans. interfaces: Array<T>(0x0000023a2d800058)
 - constants:         constant pool [92] {0x0000023a34a28ca0} for 'br/com/grapesoft/sgc/security/service/UsuarioService' cache=0x0000023a34a29008
 - class loader data:  loader data: 0x0000023a34dcdf70 for instance a 'org/springframework/boot/devtools/restart/classloader/RestartClassLoader'{0x000000068ec00180}
 - source file:       'UsuarioService.java'
 - source debug extension:       SMAP
UsuarioService.java
Java
*S jdt
*F
1 UsuarioService.java
2 file:/C:/dev/java/sgc/target/classes/
*L
*E

 - class annotations:       Array<T>(0x0000023a34a286e0)
 - class type annotations:  Array<T>(0x0000000000000000)
 - field annotations:       Array<T>(0x0000023a34a282f8)
 - field type annotations:  Array<T>(0x0000000000000000)
 - previous version:  constant pool [48] {0x0000023a34b04e00} for 'br/com/grapesoft/sgc/security/service/UsuarioService' (extra) cache=0x0000023a34ac5938
 - generic signature: '
[error occurred during error reporting (printing register info), id 0xc0000005, EXCEPTION_ACCESS_VIOLATION (0xc0000005) at pc=0x00007ff8d210ef36]

Registers:
RAX=0x0000000000000053, RBX=0x0000023a2e0d8d97, RCX=0x000000000052004f, RDX=0x0000023a2f866ba0
RSP=0x000000ac82bff1f0, RBP=0x0000023a2e297410, RSI=0x0000000000000000, RDI=0xffffffffffffffff
R8 =0x0000000000000058, R9 =0x000000000000003e, R10=0x0000000000000040, R11=0x000000ac82bff210
R12=0x000000ac82bff348, R13=0x0000000000000000, R14=0x00000008009ec938, R15=0x000000ac82bff398
RIP=0x00007ff8d210e32a, EFLAGS=0x0000000000010206

Top of Stack: (sp=0x000000ac82bff1f0)
0x000000ac82bff1f0:   0000000000000034 00000008009ec938
0x000000ac82bff200:   0000023a2e2a3390 0000000000000000
0x000000ac82bff210:   ffffffffffffffff 00007ff8d1e788cc
0x000000ac82bff220:   0000023a2e0d8d97 0000023a2e0d8d60
0x000000ac82bff230:   0000023a2e297410 0000023a2ee6e6e0
0x000000ac82bff240:   0000023a2e0d8d10 00000000000003d8
0x000000ac82bff250:   0000023a2e0d8d20 0000023a2e0d90f8
0x000000ac82bff260:   0000000000000002 000000ac82bff348
0x000000ac82bff270:   0000000000000000 0000000000000000
0x000000ac82bff280:   000000068ec84690 00007ff8d1e3ff34
0x000000ac82bff290:   0000023a2e2a3390 000000ac82bff398
0x000000ac82bff2a0:   0000023a16163dd0 000000ac82bff398
0x000000ac82bff2b0:   0000023a2e2a3390 0000000000000000
0x000000ac82bff2c0:   0000023a00000000 0000000000000000
0x000000ac82bff2d0:   000000000000000d 00007ff91bac2dff
0x000000ac82bff2e0:   000000ac82bff390 00007ff91bad1aa0 

Instructions: (pc=0x00007ff8d210e32a)
0x00007ff8d210e22a:   48 83 c4 20 5f e9 bc 80 90 ff cc cc cc cc cc cc
0x00007ff8d210e23a:   cc cc cc cc cc cc 48 89 5c 24 08 57 48 83 ec 20
0x00007ff8d210e24a:   83 fa 02 8d 42 06 b9 08 00 00 00 49 8b d8 0f 4e
0x00007ff8d210e25a:   c1 48 63 c8 48 83 c1 07 83 e1 f8 48 63 f9 49 8b
0x00007ff8d210e26a:   48 18 48 8b c7 48 f7 d0 48 3b c1 73 16 4c 8d 05
0x00007ff8d210e27a:   4a 50 17 00 48 8b d7 48 8b cb e8 c7 e3 90 ff 48
0x00007ff8d210e28a:   8b 4b 18 48 8d 04 39 48 3b 43 20 76 18 45 33 c0
0x00007ff8d210e29a:   48 8b d7 48 8b cb 48 8b 5c 24 30 48 83 c4 20 5f
0x00007ff8d210e2aa:   e9 21 e0 90 ff 48 89 43 18 48 8b c1 48 8b 5c 24
0x00007ff8d210e2ba:   30 48 83 c4 20 5f c3 cc cc cc cc cc cc cc cc cc
0x00007ff8d210e2ca:   cc cc cc cc cc cc 4c 8b d2 4c 8b d9 45 85 c0 7e
0x00007ff8d210e2da:   3c 44 0f b7 49 04 41 8d 40 ff 41 3b c1 44 0f 4c
0x00007ff8d210e2ea:   c8 4d 63 c1 45 85 c9 7e 1f 48 8b c2 4c 2b da 49
0x00007ff8d210e2fa:   8b d0 0f 1f 40 00 41 0f b6 4c 03 06 88 08 48 8d
0x00007ff8d210e30a:   40 01 48 83 ea 01 75 ee 43 c6 04 10 00 49 8b c2
0x00007ff8d210e31a:   c3 cc cc cc cc cc 48 89 5c 24 08 57 48 83 ec 20
0x00007ff8d210e32a:   0f b7 59 04 48 8b f9 33 d2 48 8d 4b 01 e8 a4 dc
0x00007ff8d210e33a:   f2 ff 0f b7 57 04 4c 8b c0 3b da 0f 42 d3 44 8b
0x00007ff8d210e34a:   ca 85 d2 74 39 48 2b f8 0f 1f 40 00 66 66 0f 1f
0x00007ff8d210e35a:   84 00 00 00 00 00 0f b6 4c 07 06 88 08 48 ff c0
0x00007ff8d210e36a:   48 8b c8 49 2b c8 49 3b c9 7c eb 42 c6 04 02 00
0x00007ff8d210e37a:   49 8b c0 48 8b 5c 24 30 48 83 c4 20 5f c3 48 8b
0x00007ff8d210e38a:   5c 24 30 c6 04 02 00 48 83 c4 20 5f c3 cc cc cc
0x00007ff8d210e39a:   cc cc cc cc cc cc 4c 8b d1 45 85 c0 7e 6c 44 0f
0x00007ff8d210e3aa:   b7 49 04 41 8d 40 ff 41 3b c1 44 0f 4c c8 4d 63
0x00007ff8d210e3ba:   d9 45 85 c9 7e 22 48 8b ca 4c 2b d2 4d 8b c3 0f
0x00007ff8d210e3ca:   1f 80 00 00 00 00 41 0f b6 44 0a 06 88 01 48 8d
0x00007ff8d210e3da:   49 01 49 83 e8 01 75 ee 41 c6 04 13 00 48 c7 c0
0x00007ff8d210e3ea:   ff ff ff ff 66 90 48 ff c0 80 3c 02 00 75 f7 48
0x00007ff8d210e3fa:   63 c8 85 c0 48 8b c2 7e 14 80 38 2f 75 03 c6 00
0x00007ff8d210e40a:   2e 48 ff c0 48 83 e9 01 75 ef 48 8b c2 c3 cc cc
0x00007ff8d210e41a:   cc cc cc cc cc cc 48 83 ec 28 e8 f7 fe ff ff 4c 


Stack slot to memory mapping:
stack at sp + 0 slots: 0x0000000000000034 is an unknown value
stack at sp + 1 slots: 0x00000008009ec938 is a pointer to class: 
br.com.grapesoft.sgc.security.service.UsuarioService {0x00000008009ec940}
 - instance size:     3
 - klass size:        79
 - access:            public synchronized 
 - state:             fully_initialized
 - name:              'br/com/grapesoft/sgc/security/service/UsuarioService'
 - super:             'br/com/grapesoft/sgc/core/base/AppCrudService'
 - sub:               
 - arrays:            NULL
 - methods:           Array<T>(0x0000023a34a28320)
 - method ordering:   Array<T>(0x0000023a34a28710)
 - default_methods:   Array<T>(0x0000000000000000)
 - local interfaces:  Array<T>(0x0000023a2d800058)
 - trans. interfaces: Array<T>(0x0000023a2d800058)
 - constants:         constant pool [92] {0x0000023a34a28ca0} for 'br/com/grapesoft/sgc/security/service/UsuarioService' cache=0x0000023a34a29008
 - class loader data:  loader data: 0x0000023a34dcdf70 for instance a 'org/springframework/boot/devtools/restart/classloader/RestartClassLoader'{0x000000068ec00180}
 - source file:       'UsuarioService.java'
 - source debug extension:       SMAP
UsuarioService.java
Java
*S jdt
*F
1 UsuarioService.java
2 file:/C:/dev/java/sgc/target/classes/
*L
*E

 - class annotations:       Array<T>(0x0000023a34a286e0)
 - class type annotations:  Array<T>(0x0000000000000000)
 - field annotations:       Array<T>(0x0000023a34a282f8)
 - field type annotations:  Array<T>(0x0000000000000000)
 - previous version:  constant pool [48] {0x0000023a34b04e00} for 'br/com/grapesoft/sgc/security/service/UsuarioService' (extra) cache=0x0000023a34ac5938
 - generic signature: '
[error occurred during error reporting (inspecting top of stack), id 0xc0000005, EXCEPTION_ACCESS_VIOLATION (0xc0000005) at pc=0x00007ff8d210ef36]


---------------  P R O C E S S  ---------------

Threads class SMR info:
_java_thread_list=0x0000023a32bb6590, length=47, elements={
0x0000023a2e0274b0, 0x0000023a2e0281f0, 0x0000023a2e08a010, 0x0000023a2e08a8d0,
0x0000023a2e08d1a0, 0x0000023a2e091a70, 0x0000023a2e099e60, 0x0000023a2e0a2770,
0x0000023a2e16f6c0, 0x0000023a2e2a3390, 0x0000023a2e2acc70, 0x0000023a2e2ad160,
0x0000023a2eb067b0, 0x0000023a2ec5dc20, 0x0000023a2ec30fc0, 0x0000023a2ec80350,
0x0000023a2eeffbe0, 0x0000023a2ef1d920, 0x0000023a2e8a4b30, 0x0000023a2e8a0ca0,
0x0000023a2e8a24b0, 0x0000023a2e8a07d0, 0x0000023a34dfc710, 0x0000023a34dff730,
0x0000023a34dffc00, 0x0000023a34e018e0, 0x0000023a327a63a0, 0x0000023a34dfd580,
0x0000023a34dfda50, 0x0000023a34dff260, 0x0000023a34dfdf20, 0x0000023a34e02280,
0x0000023a34e000d0, 0x0000023a34dfaf00, 0x0000023a34dfcbe0, 0x0000023a34dfe3f0,
0x0000023a34e005a0, 0x0000023a34e00a70, 0x0000023a34e00f40, 0x0000023a34e01410,
0x0000023a34dfb3d0, 0x0000023a34e01db0, 0x0000023a34dfaa30, 0x0000023a34dfb8a0,
0x0000023a34dfbd70, 0x0000023a34dfc240, 0x0000023a2e8a6ce0
}

Java Threads: ( => current thread )
  0x0000023a2e0274b0 JavaThread "Reference Handler" daemon [_thread_blocked, id=26808, stack(0x000000ac82100000,0x000000ac82200000)]
  0x0000023a2e0281f0 JavaThread "Finalizer" daemon [_thread_blocked, id=19448, stack(0x000000ac82200000,0x000000ac82300000)]
  0x0000023a2e08a010 JavaThread "Signal Dispatcher" daemon [_thread_blocked, id=4240, stack(0x000000ac82300000,0x000000ac82400000)]
  0x0000023a2e08a8d0 JavaThread "Attach Listener" daemon [_thread_blocked, id=23004, stack(0x000000ac82400000,0x000000ac82500000)]
  0x0000023a2e08d1a0 JavaThread "Service Thread" daemon [_thread_blocked, id=16856, stack(0x000000ac82500000,0x000000ac82600000)]
  0x0000023a2e091a70 JavaThread "Monitor Deflation Thread" daemon [_thread_blocked, id=26388, stack(0x000000ac82600000,0x000000ac82700000)]
  0x0000023a2e099e60 JavaThread "C1 CompilerThread0" daemon [_thread_blocked, id=15800, stack(0x000000ac82700000,0x000000ac82800000)]
  0x0000023a2e0a2770 JavaThread "Sweeper thread" daemon [_thread_blocked, id=2352, stack(0x000000ac82800000,0x000000ac82900000)]
  0x0000023a2e16f6c0 JavaThread "Common-Cleaner" daemon [_thread_blocked, id=26112, stack(0x000000ac82900000,0x000000ac82a00000)]
=>0x0000023a2e2a3390 JavaThread "JDWP Transport Listener: dt_socket" daemon [_thread_in_vm, id=21412, stack(0x000000ac82b00000,0x000000ac82c00000)]
  0x0000023a2e2acc70 JavaThread "JDWP Event Helper Thread" daemon [_thread_blocked, id=19008, stack(0x000000ac82c00000,0x000000ac82d00000)]
  0x0000023a2e2ad160 JavaThread "JDWP Command Reader" daemon [_thread_in_native, id=23096, stack(0x000000ac82d00000,0x000000ac82e00000)]
  0x0000023a2eb067b0 JavaThread "Notification Thread" daemon [_thread_blocked, id=23448, stack(0x000000ac82e00000,0x000000ac82f00000)]
  0x0000023a2ec5dc20 JavaThread "RMI TCP Accept-0" daemon [_thread_in_native, id=16000, stack(0x000000ac83000000,0x000000ac83100000)]
  0x0000023a2ec30fc0 JavaThread "RMI TCP Accept-52030" daemon [_thread_in_native, id=23272, stack(0x000000ac83100000,0x000000ac83200000)]
  0x0000023a2ec80350 JavaThread "RMI TCP Accept-0" daemon [_thread_in_native, id=26120, stack(0x000000ac83200000,0x000000ac83300000)]
  0x0000023a2eeffbe0 JavaThread "RMI Scheduler(0)" daemon [_thread_blocked, id=20720, stack(0x000000ac83f00000,0x000000ac84000000)]
  0x0000023a2ef1d920 JavaThread "JMX server connection timeout 25" daemon [_thread_blocked, id=8948, stack(0x000000ac84100000,0x000000ac84200000)]
  0x0000023a2e8a4b30 JavaThread "Live Reload Server" daemon [_thread_in_native, id=25280, stack(0x000000ac84f00000,0x000000ac85000000)]
  0x0000023a2e8a0ca0 JavaThread "DestroyJavaVM" [_thread_blocked, id=19368, stack(0x000000ac81a00000,0x000000ac81b00000)]
  0x0000023a2e8a24b0 JavaThread "File Watcher" daemon [_thread_blocked, id=26772, stack(0x000000ac82f00000,0x000000ac83000000)]
  0x0000023a2e8a07d0 JavaThread "File Watcher" daemon [_thread_blocked, id=19164, stack(0x000000ac81700000,0x000000ac81800000)]
  0x0000023a34dfc710 JavaThread "RMI TCP Connection(34)-127.0.0.1" daemon [_thread_in_native, id=20804, stack(0x000000ac85a00000,0x000000ac85b00000)]
  0x0000023a34dff730 JavaThread "Thread-25" [_thread_blocked, id=16824, stack(0x000000ac81800000,0x000000ac81900000)]
  0x0000023a34dffc00 JavaThread "restartedMain" [_thread_blocked, id=22632, stack(0x000000ac83e00000,0x000000ac83f00000)]
  0x0000023a34e018e0 JavaThread "HikariPool-8 housekeeper" daemon [_thread_blocked, id=26644, stack(0x000000ac82a00000,0x000000ac82b00000)]
  0x0000023a327a63a0 JavaThread "C1 CompilerThread1" daemon [_thread_blocked, id=3820, stack(0x000000ac84000000,0x000000ac84100000)]
  0x0000023a34dfd580 JavaThread "HikariPool-8 connection adder" daemon [_thread_blocked, id=4048, stack(0x000000ac84200000,0x000000ac84300000)]
  0x0000023a34dfda50 JavaThread "Catalina-utility-1" [_thread_blocked, id=27200, stack(0x000000ac84300000,0x000000ac84400000)]
  0x0000023a34dff260 JavaThread "Catalina-utility-2" [_thread_blocked, id=15592, stack(0x000000ac84400000,0x000000ac84500000)]
  0x0000023a34dfdf20 JavaThread "container-2" [_thread_blocked, id=24328, stack(0x000000ac84500000,0x000000ac84600000)]
  0x0000023a34e02280 JavaThread "File Watcher" daemon [_thread_blocked, id=20188, stack(0x000000ac84800000,0x000000ac84900000)]
  0x0000023a34e000d0 JavaThread "http-nio-8080-exec-1" daemon [_thread_blocked, id=22440, stack(0x000000ac84900000,0x000000ac84a00000)]
  0x0000023a34dfaf00 JavaThread "http-nio-8080-exec-2" daemon [_thread_blocked, id=7504, stack(0x000000ac84a00000,0x000000ac84b00000)]
  0x0000023a34dfcbe0 JavaThread "http-nio-8080-exec-3" daemon [_thread_blocked, id=17092, stack(0x000000ac84b00000,0x000000ac84c00000)]
  0x0000023a34dfe3f0 JavaThread "http-nio-8080-exec-4" daemon [_thread_blocked, id=5356, stack(0x000000ac84c00000,0x000000ac84d00000)]
  0x0000023a34e005a0 JavaThread "http-nio-8080-exec-5" daemon [_thread_blocked, id=15748, stack(0x000000ac84d00000,0x000000ac84e00000)]
  0x0000023a34e00a70 JavaThread "http-nio-8080-exec-6" daemon [_thread_blocked, id=16624, stack(0x000000ac84e00000,0x000000ac84f00000)]
  0x0000023a34e00f40 JavaThread "http-nio-8080-exec-7" daemon [_thread_blocked, id=16096, stack(0x000000ac85000000,0x000000ac85100000)]
  0x0000023a34e01410 JavaThread "http-nio-8080-exec-8" daemon [_thread_blocked, id=21664, stack(0x000000ac85100000,0x000000ac85200000)]
  0x0000023a34dfb3d0 JavaThread "http-nio-8080-exec-9" daemon [_thread_blocked, id=13772, stack(0x000000ac85200000,0x000000ac85300000)]
  0x0000023a34e01db0 JavaThread "http-nio-8080-exec-10" daemon [_thread_blocked, id=11680, stack(0x000000ac85300000,0x000000ac85400000)]
  0x0000023a34dfaa30 JavaThread "http-nio-8080-Poller" daemon [_thread_in_native, id=17524, stack(0x000000ac85400000,0x000000ac85500000)]
  0x0000023a34dfb8a0 JavaThread "http-nio-8080-Acceptor" daemon [_thread_in_native, id=19548, stack(0x000000ac85500000,0x000000ac85600000)]
  0x0000023a34dfbd70 JavaThread "RMI TCP Connection(35)-127.0.0.1" daemon [_thread_in_native, id=12688, stack(0x000000ac85600000,0x000000ac85700000)]
  0x0000023a34dfc240 JavaThread "RMI TCP Connection(36)-127.0.0.1" daemon [_thread_in_native, id=12948, stack(0x000000ac85700000,0x000000ac85800000)]
  0x0000023a2e8a6ce0 JavaThread "RMI TCP Connection(37)-127.0.0.1" daemon [_thread_in_native, id=13820, stack(0x000000ac85900000,0x000000ac85a00000)]

Other Threads:
  0x0000023a2d2696f0 VMThread "VM Thread" [stack: 0x000000ac82000000,0x000000ac82100000] [id=13148]
  0x0000023a16211710 WatcherThread [stack: 0x000000ac83d00000,0x000000ac83e00000] [id=21752]
  0x0000023a161fba70 GCTaskThread "GC Thread#0" [stack: 0x000000ac81b00000,0x000000ac81c00000] [id=24792]
  0x0000023a2ed25970 GCTaskThread "GC Thread#1" [stack: 0x000000ac83300000,0x000000ac83400000] [id=16964]
  0x0000023a2ec7d850 GCTaskThread "GC Thread#2" [stack: 0x000000ac83400000,0x000000ac83500000] [id=21120]
  0x0000023a2ec7db00 GCTaskThread "GC Thread#3" [stack: 0x000000ac83500000,0x000000ac83600000] [id=24224]
  0x0000023a2ec7ddb0 GCTaskThread "GC Thread#4" [stack: 0x000000ac83600000,0x000000ac83700000] [id=23804]
  0x0000023a2ed19800 GCTaskThread "GC Thread#5" [stack: 0x000000ac83700000,0x000000ac83800000] [id=7988]
  0x0000023a2ed19ab0 GCTaskThread "GC Thread#6" [stack: 0x000000ac83800000,0x000000ac83900000] [id=26164]
  0x0000023a2ed1e1f0 GCTaskThread "GC Thread#7" [stack: 0x000000ac83900000,0x000000ac83a00000] [id=11876]
  0x0000023a2eca5eb0 GCTaskThread "GC Thread#8" [stack: 0x000000ac83a00000,0x000000ac83b00000] [id=5608]
  0x0000023a2eca6570 GCTaskThread "GC Thread#9" [stack: 0x000000ac83b00000,0x000000ac83c00000] [id=25128]
  0x0000023a16208290 ConcurrentGCThread "G1 Main Marker" [stack: 0x000000ac81c00000,0x000000ac81d00000] [id=18644]
  0x0000023a16209720 ConcurrentGCThread "G1 Conc#0" [stack: 0x000000ac81d00000,0x000000ac81e00000] [id=13412]
  0x0000023a2fb87020 ConcurrentGCThread "G1 Conc#1" [stack: 0x000000ac84600000,0x000000ac84700000] [id=17388]
  0x0000023a2fbc05e0 ConcurrentGCThread "G1 Conc#2" [stack: 0x000000ac84700000,0x000000ac84800000] [id=18492]
  0x0000023a2d114d10 ConcurrentGCThread "G1 Refine#0" [stack: 0x000000ac81e00000,0x000000ac81f00000] [id=3436]
  0x0000023a2ec8a3a0 ConcurrentGCThread "G1 Refine#1" [stack: 0x000000ac83c00000,0x000000ac83d00000] [id=8944]
  0x0000023a2d115640 ConcurrentGCThread "G1 Service" [stack: 0x000000ac81f00000,0x000000ac82000000] [id=26448]

Threads with active compile tasks:

VM state: not at safepoint (normal execution)

VM Mutex/Monitor currently owned by a thread: None

Heap address: 0x000000068c400000, size: 5948 MB, Compressed Oops mode: Zero based, Oop shift amount: 3

CDS archive(s) not mapped
Compressed class space mapped at: 0x0000000800000000-0x0000000840000000, reserved size: 1073741824
Narrow klass base: 0x0000000800000000, Narrow klass shift: 0, Narrow klass range: 0x40000000

GC Precious Log:
 CPUs: 12 total, 12 available
 Memory: 23783M
 Large Page Support: Disabled
 NUMA Support: Disabled
 Compressed Oops: Enabled (Zero based)
 Heap Region Size: 4M
 Heap Min Capacity: 8M
 Heap Initial Capacity: 372M
 Heap Max Capacity: 5948M
 Pre-touch: Disabled
 Parallel Workers: 10
 Concurrent Workers: 3
 Concurrent Refinement Workers: 10
 Periodic GC: Disabled

Heap:
 garbage-first heap   total 81920K, used 53112K [0x000000068c400000, 0x0000000800000000)
  region size 4096K, 9 young (36864K), 2 survivors (8192K)
 Metaspace       used 74718K, committed 75648K, reserved 1122304K
  class space    used 10143K, committed 10432K, reserved 1048576K

Heap Regions: E=young(eden), S=young(survivor), O=old, HS=humongous(starts), HC=humongous(continues), CS=collection set, F=free, OA=open archive, CA=closed archive, TAMS=top-at-mark-start (previous, next)
|   0|0x000000068c400000, 0x000000068c7ffda0, 0x000000068c800000| 99%| O|  |TAMS 0x000000068c7ffda0, 0x000000068c400000| Untracked 
|   1|0x000000068c800000, 0x000000068cbf6b48, 0x000000068cc00000| 99%| O|  |TAMS 0x000000068cbf6b48, 0x000000068c800000| Untracked 
|   2|0x000000068cc00000, 0x000000068cffffe8, 0x000000068d000000| 99%| O|  |TAMS 0x000000068cffffe8, 0x000000068cc00000| Untracked 
|   3|0x000000068d000000, 0x000000068d3fffe0, 0x000000068d400000| 99%| O|  |TAMS 0x000000068d3fffe0, 0x000000068d000000| Untracked 
|   4|0x000000068d400000, 0x000000068d67cd08, 0x000000068d800000| 62%| O|  |TAMS 0x000000068d400000, 0x000000068d400000| Untracked 
|   5|0x000000068d800000, 0x000000068db15d00, 0x000000068dc00000| 77%| O|  |TAMS 0x000000068d800000, 0x000000068d800000| Untracked 
|   6|0x000000068dc00000, 0x000000068dc00000, 0x000000068e000000|  0%| F|  |TAMS 0x000000068dc00000, 0x000000068dc00000| Untracked 
|   7|0x000000068e000000, 0x000000068e000000, 0x000000068e400000|  0%| F|  |TAMS 0x000000068e000000, 0x000000068e000000| Untracked 
|   8|0x000000068e400000, 0x000000068e654ed0, 0x000000068e800000| 58%| S|CS|TAMS 0x000000068e400000, 0x000000068e400000| Complete 
|   9|0x000000068e800000, 0x000000068e800000, 0x000000068ec00000|  0%| F|  |TAMS 0x000000068e800000, 0x000000068e800000| Untracked 
|  10|0x000000068ec00000, 0x000000068f000000, 0x000000068f000000|100%| S|CS|TAMS 0x000000068ec00000, 0x000000068ec00000| Complete 
|  11|0x000000068f000000, 0x000000068f000000, 0x000000068f400000|  0%| F|  |TAMS 0x000000068f000000, 0x000000068f000000| Untracked 
|  12|0x000000068f400000, 0x000000068f400000, 0x000000068f800000|  0%| F|  |TAMS 0x000000068f400000, 0x000000068f400000| Untracked 
|  13|0x000000068f800000, 0x000000068f8a5a50, 0x000000068fc00000| 16%| E|  |TAMS 0x000000068f800000, 0x000000068f800000| Complete 
|  14|0x000000068fc00000, 0x0000000690000000, 0x0000000690000000|100%| E|CS|TAMS 0x000000068fc00000, 0x000000068fc00000| Complete 
|  15|0x0000000690000000, 0x0000000690400000, 0x0000000690400000|100%| E|CS|TAMS 0x0000000690000000, 0x0000000690000000| Complete 
|  16|0x0000000690400000, 0x0000000690800000, 0x0000000690800000|100%| E|CS|TAMS 0x0000000690400000, 0x0000000690400000| Complete 
|  17|0x0000000690800000, 0x0000000690c00000, 0x0000000690c00000|100%| E|CS|TAMS 0x0000000690800000, 0x0000000690800000| Complete 
|  18|0x0000000690c00000, 0x0000000691000000, 0x0000000691000000|100%| E|CS|TAMS 0x0000000690c00000, 0x0000000690c00000| Complete 
|  19|0x0000000691000000, 0x0000000691400000, 0x0000000691400000|100%| E|CS|TAMS 0x0000000691000000, 0x0000000691000000| Complete 

Card table byte_map: [0x0000023a1d6e0000,0x0000023a1e280000] _byte_map_base: 0x0000023a1a27e000

Marking Bits (Prev, Next): (CMBitMap*) 0x0000023a161fbf90, (CMBitMap*) 0x0000023a161fbfd0
 Prev Bits: [0x0000023a1ee20000, 0x0000023a24b10000)
 Next Bits: [0x0000023a24b10000, 0x0000023a2a800000)

Polling page: 0x0000023a13e00000

Metaspace:

Usage:
  Non-class:     63.06 MB used.
      Class:      9.91 MB used.
       Both:     72.97 MB used.

Virtual space:
  Non-class space:       72.00 MB reserved,      63.69 MB ( 88%) committed,  9 nodes.
      Class space:        1.00 GB reserved,      10.19 MB ( <1%) committed,  1 nodes.
             Both:        1.07 GB reserved,      73.88 MB (  7%) committed. 

Chunk freelists:
   Non-Class:  3.93 MB
       Class:  1.85 MB
        Both:  5.78 MB

MaxMetaspaceSize: unlimited
CompressedClassSpaceSize: 1.00 GB
Initial GC threshold: 21.00 MB
Current GC threshold: 123.12 MB
CDS: off
MetaspaceReclaimPolicy: balanced
 - commit_granule_bytes: 65536.
 - commit_granule_words: 8192.
 - virtual_space_node_default_size: 1048576.
 - enlarge_chunks_in_place: 1.
 - new_chunks_are_fully_committed: 0.
 - uncommit_free_chunks: 1.
 - use_allocation_guard: 0.
 - handle_deallocations: 1.


Internal statistics:

num_allocs_failed_limit: 9.
num_arena_births: 1096.
num_arena_deaths: 242.
num_vsnodes_births: 10.
num_vsnodes_deaths: 0.
num_space_committed: 1189.
num_space_uncommitted: 7.
num_chunks_returned_to_freelist: 492.
num_chunks_taken_from_freelist: 3822.
num_chunk_merges: 88.
num_chunk_splits: 2413.
num_chunks_enlarged: 1702.
num_purges: 10.
num_inconsistent_stats: 0.

CodeCache: size=49152Kb used=19272Kb max_used=19272Kb free=29879Kb
 bounds [0x0000023a19810000, 0x0000023a1aaf0000, 0x0000023a1c810000]
 total_blobs=10756 nmethods=10117 adapters=564
 compilation: enabled
              stopped_count=0, restarted_count=0
 full_count=0

Compilation events (20 events):
Event: 1239.669 Thread 0x0000023a327a63a0 nmethod 10108 0x0000023a1aad3d90 code [0x0000023a1aad4000, 0x0000023a1aad44d8]
Event: 1239.669 Thread 0x0000023a327a63a0 10113       1       org.hibernate.internal.util.StringHelper::unquote (96 bytes)
Event: 1239.669 Thread 0x0000023a327a63a0 nmethod 10113 0x0000023a1aad4890 code [0x0000023a1aad4a80, 0x0000023a1aad4ff8]
Event: 1239.669 Thread 0x0000023a327a63a0 10109       1       org.hibernate.hql.internal.ast.HqlToken::<init> (5 bytes)
Event: 1239.669 Thread 0x0000023a327a63a0 nmethod 10109 0x0000023a1aad5310 code [0x0000023a1aad54a0, 0x0000023a1aad5598]
Event: 1239.669 Thread 0x0000023a327a63a0 10110       1       antlr.CommonToken::<init> (10 bytes)
Event: 1239.669 Thread 0x0000023a327a63a0 nmethod 10110 0x0000023a1aad5610 code [0x0000023a1aad57a0, 0x0000023a1aad5898]
Event: 1239.669 Thread 0x0000023a327a63a0 10111       1       antlr.Token::<init> (10 bytes)
Event: 1239.669 Thread 0x0000023a327a63a0 nmethod 10111 0x0000023a1aad5910 code [0x0000023a1aad5aa0, 0x0000023a1aad5b78]
Event: 1239.669 Thread 0x0000023a327a63a0 10114       1       org.springframework.transaction.support.TransactionSynchronizationManager::getResource (10 bytes)
Event: 1239.669 Thread 0x0000023a327a63a0 nmethod 10114 0x0000023a1aad5c10 code [0x0000023a1aad5dc0, 0x0000023a1aad5e98]
Event: 1239.669 Thread 0x0000023a327a63a0 10112   !   1       jdk.internal.reflect.GeneratedConstructorAccessor40::newInstance (49 bytes)
Event: 1239.669 Thread 0x0000023a327a63a0 nmethod 10112 0x0000023a1aad5f90 code [0x0000023a1aad6180, 0x0000023a1aad6518]
Event: 1239.669 Thread 0x0000023a327a63a0 10115       1       org.hibernate.query.internal.AbstractProducedQuery::getProducer (5 bytes)
Event: 1239.670 Thread 0x0000023a327a63a0 nmethod 10115 0x0000023a1aad6790 code [0x0000023a1aad6920, 0x0000023a1aad69f8]
Event: 1239.671 Thread 0x0000023a2e099e60 nmethod 10106 0x0000023a1aad6a90 code [0x0000023a1aad7180, 0x0000023a1aadc8c8]
Event: 1239.821 Thread 0x0000023a327a63a0 10116       1       java.io.DataInputStream::readLong (128 bytes)
Event: 1239.821 Thread 0x0000023a327a63a0 nmethod 10116 0x0000023a1aae0810 code [0x0000023a1aae09a0, 0x0000023a1aae0b68]
Event: 1240.332 Thread 0x0000023a327a63a0 10117   !   1       java.io.ObjectInputStream::readTypeString (128 bytes)
Event: 1240.333 Thread 0x0000023a327a63a0 nmethod 10117 0x0000023a1aae0c10 code [0x0000023a1aae0ec0, 0x0000023a1aae18e8]

GC Heap History (20 events):
Event: 919.428 GC heap before
{Heap before GC invocations=36 (full 3):
 garbage-first heap   total 81920K, used 57480K [0x000000068c400000, 0x0000000800000000)
  region size 4096K, 9 young (36864K), 2 survivors (8192K)
 Metaspace       used 73972K, committed 74624K, reserved 1114112K
  class space    used 10032K, committed 10304K, reserved 1048576K
}
Event: 919.431 GC heap after
{Heap after GC invocations=37 (full 3):
 garbage-first heap   total 81920K, used 29870K [0x000000068c400000, 0x0000000800000000)
  region size 4096K, 1 young (4096K), 1 survivors (4096K)
 Metaspace       used 73972K, committed 74624K, reserved 1114112K
  class space    used 10032K, committed 10304K, reserved 1048576K
}
Event: 925.571 GC heap before
{Heap before GC invocations=37 (full 3):
 garbage-first heap   total 81920K, used 29870K [0x000000068c400000, 0x0000000800000000)
  region size 4096K, 2 young (8192K), 1 survivors (4096K)
 Metaspace       used 73998K, committed 74624K, reserved 1114112K
  class space    used 10035K, committed 10304K, reserved 1048576K
}
Event: 925.627 GC heap after
{Heap after GC invocations=38 (full 4):
 garbage-first heap   total 81920K, used 24670K [0x000000068c400000, 0x0000000800000000)
  region size 4096K, 0 young (0K), 0 survivors (0K)
 Metaspace       used 73996K, committed 74624K, reserved 1114112K
  class space    used 10035K, committed 10304K, reserved 1048576K
}
Event: 926.042 GC heap before
{Heap before GC invocations=38 (full 4):
 garbage-first heap   total 81920K, used 57438K [0x000000068c400000, 0x0000000800000000)
  region size 4096K, 9 young (36864K), 0 survivors (0K)
 Metaspace       used 74120K, committed 74688K, reserved 1114112K
  class space    used 10053K, committed 10304K, reserved 1048576K
}
Event: 926.044 GC heap after
{Heap after GC invocations=39 (full 4):
 garbage-first heap   total 81920K, used 27613K [0x000000068c400000, 0x0000000800000000)
  region size 4096K, 1 young (4096K), 1 survivors (4096K)
 Metaspace       used 74120K, committed 74688K, reserved 1114112K
  class space    used 10053K, committed 10304K, reserved 1048576K
}
Event: 926.497 GC heap before
{Heap before GC invocations=39 (full 4):
 garbage-first heap   total 81920K, used 60381K [0x000000068c400000, 0x0000000800000000)
  region size 4096K, 9 young (36864K), 1 survivors (4096K)
 Metaspace       used 74359K, committed 74944K, reserved 1114112K
  class space    used 10074K, committed 10304K, reserved 1048576K
}
Event: 926.499 GC heap after
{Heap after GC invocations=40 (full 4):
 garbage-first heap   total 81920K, used 29100K [0x000000068c400000, 0x0000000800000000)
  region size 4096K, 2 young (8192K), 2 survivors (8192K)
 Metaspace       used 74359K, committed 74944K, reserved 1114112K
  class space    used 10074K, committed 10304K, reserved 1048576K
}
Event: 926.924 GC heap before
{Heap before GC invocations=40 (full 4):
 garbage-first heap   total 81920K, used 57772K [0x000000068c400000, 0x0000000800000000)
  region size 4096K, 9 young (36864K), 2 survivors (8192K)
 Metaspace       used 74431K, committed 75072K, reserved 1114112K
  class space    used 10086K, committed 10368K, reserved 1048576K
}
Event: 926.927 GC heap after
{Heap after GC invocations=41 (full 4):
 garbage-first heap   total 81920K, used 30024K [0x000000068c400000, 0x0000000800000000)
  region size 4096K, 1 young (4096K), 1 survivors (4096K)
 Metaspace       used 74431K, committed 75072K, reserved 1114112K
  class space    used 10086K, committed 10368K, reserved 1048576K
}
Event: 1022.331 GC heap before
{Heap before GC invocations=41 (full 4):
 garbage-first heap   total 81920K, used 58696K [0x000000068c400000, 0x0000000800000000)
  region size 4096K, 8 young (32768K), 1 survivors (4096K)
 Metaspace       used 74624K, committed 75264K, reserved 1122304K
  class space    used 10104K, committed 10368K, reserved 1048576K
}
Event: 1022.334 GC heap after
{Heap after GC invocations=42 (full 4):
 garbage-first heap   total 81920K, used 30927K [0x000000068c400000, 0x0000000800000000)
  region size 4096K, 1 young (4096K), 1 survivors (4096K)
 Metaspace       used 74624K, committed 75264K, reserved 1122304K
  class space    used 10104K, committed 10368K, reserved 1048576K
}
Event: 1131.086 GC heap before
{Heap before GC invocations=42 (full 4):
 garbage-first heap   total 81920K, used 55503K [0x000000068c400000, 0x0000000800000000)
  region size 4096K, 8 young (32768K), 1 survivors (4096K)
 Metaspace       used 75038K, committed 75648K, reserved 1122304K
  class space    used 10167K, committed 10432K, reserved 1048576K
}
Event: 1131.089 GC heap after
{Heap after GC invocations=43 (full 4):
 garbage-first heap   total 81920K, used 31125K [0x000000068c400000, 0x0000000800000000)
  region size 4096K, 1 young (4096K), 1 survivors (4096K)
 Metaspace       used 75038K, committed 75648K, reserved 1122304K
  class space    used 10167K, committed 10432K, reserved 1048576K
}
Event: 1237.292 GC heap before
{Heap before GC invocations=43 (full 4):
 garbage-first heap   total 81920K, used 51605K [0x000000068c400000, 0x0000000800000000)
  region size 4096K, 7 young (28672K), 1 survivors (4096K)
 Metaspace       used 75047K, committed 75648K, reserved 1122304K
  class space    used 10170K, committed 10432K, reserved 1048576K
}
Event: 1237.337 GC heap after
{Heap after GC invocations=44 (full 5):
 garbage-first heap   total 81920K, used 22052K [0x000000068c400000, 0x0000000800000000)
  region size 4096K, 0 young (0K), 0 survivors (0K)
 Metaspace       used 74133K, committed 75648K, reserved 1122304K
  class space    used 10063K, committed 10432K, reserved 1048576K
}
Event: 1238.906 GC heap before
{Heap before GC invocations=44 (full 5):
 garbage-first heap   total 81920K, used 63012K [0x000000068c400000, 0x0000000800000000)
  region size 4096K, 10 young (40960K), 0 survivors (0K)
 Metaspace       used 74333K, committed 75648K, reserved 1122304K
  class space    used 10099K, committed 10432K, reserved 1048576K
}
Event: 1238.909 GC heap after
{Heap after GC invocations=45 (full 5):
 garbage-first heap   total 81920K, used 25766K [0x000000068c400000, 0x0000000800000000)
  region size 4096K, 1 young (4096K), 1 survivors (4096K)
 Metaspace       used 74333K, committed 75648K, reserved 1122304K
  class space    used 10099K, committed 10432K, reserved 1048576K
}
Event: 1239.395 GC heap before
{Heap before GC invocations=45 (full 5):
 garbage-first heap   total 81920K, used 62630K [0x000000068c400000, 0x0000000800000000)
  region size 4096K, 10 young (40960K), 1 survivors (4096K)
 Metaspace       used 74662K, committed 75648K, reserved 1122304K
  class space    used 10134K, committed 10432K, reserved 1048576K
}
Event: 1239.398 GC heap after
{Heap after GC invocations=46 (full 5):
 garbage-first heap   total 81920K, used 28536K [0x000000068c400000, 0x0000000800000000)
  region size 4096K, 2 young (8192K), 2 survivors (8192K)
 Metaspace       used 74662K, committed 75648K, reserved 1122304K
  class space    used 10134K, committed 10432K, reserved 1048576K
}

Deoptimization events (20 events):
Event: 1239.616 Thread 0x0000023a34dfc710 DEOPT PACKING pc=0x0000023a1a6edbdc sp=0x000000ac85afdf70
Event: 1239.616 Thread 0x0000023a34dfc710 DEOPT UNPACKING pc=0x0000023a19862b43 sp=0x000000ac85afd4d8 mode 1
Event: 1239.616 Thread 0x0000023a34dfc710 DEOPT PACKING pc=0x0000023a1a583a8c sp=0x000000ac85afdfe0
Event: 1239.616 Thread 0x0000023a34dfc710 DEOPT UNPACKING pc=0x0000023a19862b43 sp=0x000000ac85afd548 mode 1
Event: 1239.616 Thread 0x0000023a34dfc710 DEOPT PACKING pc=0x0000023a1a583a8c sp=0x000000ac85afdfe0
Event: 1239.616 Thread 0x0000023a34dfc710 DEOPT UNPACKING pc=0x0000023a19862b43 sp=0x000000ac85afd548 mode 1
Event: 1239.616 Thread 0x0000023a34dfc710 DEOPT PACKING pc=0x0000023a1a583a8c sp=0x000000ac85afdfe0
Event: 1239.616 Thread 0x0000023a34dfc710 DEOPT UNPACKING pc=0x0000023a19862b43 sp=0x000000ac85afd548 mode 1
Event: 1239.616 Thread 0x0000023a34dfc710 DEOPT PACKING pc=0x0000023a1a583a8c sp=0x000000ac85afdfe0
Event: 1239.616 Thread 0x0000023a34dfc710 DEOPT UNPACKING pc=0x0000023a19862b43 sp=0x000000ac85afd548 mode 1
Event: 1239.616 Thread 0x0000023a34dfc710 DEOPT PACKING pc=0x0000023a1a583a8c sp=0x000000ac85afdfe0
Event: 1239.616 Thread 0x0000023a34dfc710 DEOPT UNPACKING pc=0x0000023a19862b43 sp=0x000000ac85afd548 mode 1
Event: 1239.616 Thread 0x0000023a34dfc710 DEOPT PACKING pc=0x0000023a1a583a8c sp=0x000000ac85afdfe0
Event: 1239.616 Thread 0x0000023a34dfc710 DEOPT UNPACKING pc=0x0000023a19862b43 sp=0x000000ac85afd548 mode 1
Event: 1240.748 Thread 0x0000023a2e2a3390 DEOPT PACKING pc=0x0000023a19f55f34 sp=0x000000ac82bfaf90
Event: 1240.748 Thread 0x0000023a2e2a3390 DEOPT UNPACKING pc=0x0000023a19862b43 sp=0x000000ac82bfa4c8 mode 1
Event: 1240.748 Thread 0x0000023a2e2a3390 DEOPT PACKING pc=0x0000023a19f59a6c sp=0x000000ac82bfb080
Event: 1240.748 Thread 0x0000023a2e2a3390 DEOPT UNPACKING pc=0x0000023a19862b43 sp=0x000000ac82bfa618 mode 1
Event: 1240.748 Thread 0x0000023a2e2a3390 DEOPT PACKING pc=0x0000023a19f56fcc sp=0x000000ac82bfb1d0
Event: 1240.748 Thread 0x0000023a2e2a3390 DEOPT UNPACKING pc=0x0000023a19862b43 sp=0x000000ac82bfa7a0 mode 1

Classes unloaded (20 events):
Event: 1237.308 Thread 0x0000023a2d2696f0 Unloading class 0x00000008009dafb8 'br/com/grapesoft/sgc/security/persistence/entity/Role'
Event: 1237.308 Thread 0x0000023a2d2696f0 Unloading class 0x00000008009dada8 'br/com/grapesoft/sgc/core/base/AppEntity'
Event: 1237.308 Thread 0x0000023a2d2696f0 Unloading class 0x00000008009dabb0 'br/com/grapesoft/sgc/security/persistence/repository/RoleRepository'
Event: 1237.308 Thread 0x0000023a2d2696f0 Unloading class 0x00000008009da938 'br/com/grapesoft/sgc/security/service/UsuarioService'
Event: 1237.308 Thread 0x0000023a2d2696f0 Unloading class 0x00000008009da708 'br/com/grapesoft/sgc/security/service/UsuarioDetailsService'
Event: 1237.308 Thread 0x0000023a2d2696f0 Unloading class 0x00000008009da498 'br/com/grapesoft/sgc/security/service/RoleService'
Event: 1237.308 Thread 0x0000023a2d2696f0 Unloading class 0x00000008009da230 'br/com/grapesoft/sgc/core/base/AppCrudService'
Event: 1237.308 Thread 0x0000023a2d2696f0 Unloading class 0x00000008009da000 'br/com/grapesoft/sgc/core/base/AppReadService'
Event: 1237.308 Thread 0x0000023a2d2696f0 Unloading class 0x00000008009bfc18 'br/com/grapesoft/sgc/security/resource/UsuarioResource'
Event: 1237.308 Thread 0x0000023a2d2696f0 Unloading class 0x00000008009bf9d0 'br/com/grapesoft/sgc/core/base/AppCrudResource'
Event: 1237.308 Thread 0x0000023a2d2696f0 Unloading class 0x00000008009bf7a8 'br/com/grapesoft/sgc/core/base/AppReadResource'
Event: 1237.308 Thread 0x0000023a2d2696f0 Unloading class 0x00000008009bf598 'br/com/grapesoft/sgc/security/resource/AuthResource'
Event: 1237.308 Thread 0x0000023a2d2696f0 Unloading class 0x00000008009bf368 'br/com/grapesoft/sgc/security/jwt/JwtTokenUtil'
Event: 1237.308 Thread 0x0000023a2d2696f0 Unloading class 0x00000008009bf000 'br/com/grapesoft/sgc/security/jwt/JwtRequestFilter'
Event: 1237.308 Thread 0x0000023a2d2696f0 Unloading class 0x00000008009d8438 'br/com/grapesoft/sgc/security/jwt/JwtAuthenticationEntryPoint'
Event: 1237.308 Thread 0x0000023a2d2696f0 Unloading class 0x00000008009d8230 'br/com/grapesoft/sgc/security/config/CorsConfig'
Event: 1237.308 Thread 0x0000023a2d2696f0 Unloading class 0x00000008009d8000 'br/com/grapesoft/sgc/security/DataAuthInitializer'
Event: 1237.308 Thread 0x0000023a2d2696f0 Unloading class 0x00000008009fc420 'br/com/grapesoft/sgc/core/config/ModelMapperConfig'
Event: 1237.308 Thread 0x0000023a2d2696f0 Unloading class 0x00000008009fc200 'br/com/grapesoft/sgc/security/config/WebSecurityConfig'
Event: 1237.308 Thread 0x0000023a2d2696f0 Unloading class 0x00000008009fc000 'br/com/grapesoft/sgc/SgcApplication'

Classes redefined (20 events):
Event: 904.001 Thread 0x0000023a2d2696f0 redefined class name=br.com.grapesoft.sgc.security.persistence.entity.OperacaoSistema$OperacaoSistemaBuilder, count=1
Event: 916.218 Thread 0x0000023a2d2696f0 redefined class name=br.com.grapesoft.sgc.security.persistence.entity.OperacaoSistema, count=2
Event: 916.218 Thread 0x0000023a2d2696f0 redefined class name=br.com.grapesoft.sgc.security.persistence.entity.OperacaoSistema, count=2
Event: 916.218 Thread 0x0000023a2d2696f0 redefined class name=br.com.grapesoft.sgc.security.persistence.entity.OperacaoSistema$OperacaoSistemaBuilder, count=1
Event: 916.218 Thread 0x0000023a2d2696f0 redefined class name=br.com.grapesoft.sgc.security.persistence.entity.OperacaoSistema$OperacaoSistemaBuilder, count=2
Event: 916.218 Thread 0x0000023a2d2696f0 redefined class name=br.com.grapesoft.sgc.security.persistence.entity.OperacaoSistema$OperacaoSistemaBuilder, count=2
Event: 916.218 Thread 0x0000023a2d2696f0 redefined class name=br.com.grapesoft.sgc.security.persistence.entity.OperacaoSistema, count=1
Event: 923.880 Thread 0x0000023a2d2696f0 redefined class name=br.com.grapesoft.sgc.security.persistence.entity.Role, count=1
Event: 923.880 Thread 0x0000023a2d2696f0 redefined class name=br.com.grapesoft.sgc.security.persistence.entity.Role$RoleBuilder, count=1
Event: 923.880 Thread 0x0000023a2d2696f0 redefined class name=br.com.grapesoft.sgc.security.persistence.entity.Role$RoleBuilder, count=1
Event: 923.880 Thread 0x0000023a2d2696f0 redefined class name=br.com.grapesoft.sgc.security.persistence.entity.Role, count=1
Event: 923.880 Thread 0x0000023a2d2696f0 redefined class name=br.com.grapesoft.sgc.security.persistence.entity.Role, count=1
Event: 923.880 Thread 0x0000023a2d2696f0 redefined class name=br.com.grapesoft.sgc.security.persistence.entity.Role$RoleBuilder, count=1
Event: 1235.737 Thread 0x0000023a2d2696f0 redefined class name=br.com.grapesoft.sgc.security.service.UsuarioService, count=1
Event: 1235.737 Thread 0x0000023a2d2696f0 redefined class name=br.com.grapesoft.sgc.security.service.UsuarioService, count=1
Event: 1235.737 Thread 0x0000023a2d2696f0 redefined class name=br.com.grapesoft.sgc.security.service.UsuarioService, count=1
Event: 1235.737 Thread 0x0000023a2d2696f0 redefined class name=br.com.grapesoft.sgc.security.service.UsuarioService, count=1
Event: 1240.763 Thread 0x0000023a2d2696f0 redefined class name=br.com.grapesoft.sgc.security.service.UsuarioService, count=1
Event: 1240.763 Thread 0x0000023a2d2696f0 redefined class name=br.com.grapesoft.sgc.security.service.UsuarioService, count=2
Event: 1240.763 Thread 0x0000023a2d2696f0 redefined class name=br.com.grapesoft.sgc.security.service.UsuarioService, count=2

Internal exceptions (20 events):
Event: 1238.892 Thread 0x0000023a34dffc00 Exception <a 'java/io/FileNotFoundException'{0x000000068ee8ae70}> (0x000000068ee8ae70) 
thrown [e:\jenkins\tmp\workspace\build\src\src\hotspot\share\prims\jni.cpp, line 516]
Event: 1239.272 Thread 0x0000023a34dffc00 Exception <a 'java/lang/ClassNotFoundException'{0x00000006901cadf8}: java/lang/ObjectCustomizer> (0x00000006901cadf8) 
thrown [e:\jenkins\tmp\workspace\build\src\src\hotspot\share\classfile\systemDictionary.cpp, line 256]
Event: 1239.273 Thread 0x0000023a34dffc00 Exception <a 'java/lang/ClassNotFoundException'{0x00000006901d8b68}: br/com/grapesoft/sgc/core/base/AppEntityCustomizer> (0x00000006901d8b68) 
thrown [e:\jenkins\tmp\workspace\build\src\src\hotspot\share\classfile\systemDictionary.cpp, line 256]
Event: 1239.275 Thread 0x0000023a34dffc00 Exception <a 'java/lang/ClassNotFoundException'{0x00000006901e6350}: br/com/grapesoft/sgc/security/persistence/entity/UsuarioCustomizer> (0x00000006901e6350) 
thrown [e:\jenkins\tmp\workspace\build\src\src\hotspot\share\classfile\systemDictionary.cpp, line 256]
Event: 1239.279 Thread 0x0000023a34dffc00 Exception <a 'java/lang/ClassNotFoundException'{0x0000000690263d20}: java/lang/ObjectCustomizer> (0x0000000690263d20) 
thrown [e:\jenkins\tmp\workspace\build\src\src\hotspot\share\classfile\systemDictionary.cpp, line 256]
Event: 1239.281 Thread 0x0000023a34dffc00 Exception <a 'java/lang/ClassNotFoundException'{0x0000000690271068}: br/com/grapesoft/sgc/core/base/AppEntityCustomizer> (0x0000000690271068) 
thrown [e:\jenkins\tmp\workspace\build\src\src\hotspot\share\classfile\systemDictionary.cpp, line 256]
Event: 1239.282 Thread 0x0000023a34dffc00 Exception <a 'java/lang/ClassNotFoundException'{0x000000069027d798}: br/com/grapesoft/sgc/security/persistence/entity/RoleCustomizer> (0x000000069027d798) 
thrown [e:\jenkins\tmp\workspace\build\src\src\hotspot\share\classfile\systemDictionary.cpp, line 256]
Event: 1239.284 Thread 0x0000023a34dffc00 Exception <a 'java/lang/ClassNotFoundException'{0x0000000690294e10}: org/springframework/security/core/GrantedAuthorityCustomizer> (0x0000000690294e10) 
thrown [e:\jenkins\tmp\workspace\build\src\src\hotspot\share\classfile\systemDictionary.cpp, line 256]
Event: 1239.287 Thread 0x0000023a34dffc00 Exception <a 'java/lang/ClassNotFoundException'{0x00000006902c8950}: java/lang/ObjectCustomizer> (0x00000006902c8950) 
thrown [e:\jenkins\tmp\workspace\build\src\src\hotspot\share\classfile\systemDictionary.cpp, line 256]
Event: 1239.288 Thread 0x0000023a34dffc00 Exception <a 'java/lang/ClassNotFoundException'{0x00000006902d6490}: br/com/grapesoft/sgc/core/base/AppEntityCustomizer> (0x00000006902d6490) 
thrown [e:\jenkins\tmp\workspace\build\src\src\hotspot\share\classfile\systemDictionary.cpp, line 256]
Event: 1239.289 Thread 0x0000023a34dffc00 Exception <a 'java/lang/ClassNotFoundException'{0x00000006902e3620}: br/com/grapesoft/sgc/security/persistence/entity/OperacaoSistemaCustomizer> (0x00000006902e3620) 
thrown [e:\jenkins\tmp\workspace\build\src\src\hotspot\share\classfile\systemDictionary.cpp, line 256]
Event: 1239.291 Thread 0x0000023a34dffc00 Exception <a 'java/lang/ClassNotFoundException'{0x00000006902f7de0}: org/springframework/security/core/GrantedAuthorityCustomizer> (0x00000006902f7de0) 
thrown [e:\jenkins\tmp\workspace\build\src\src\hotspot\share\classfile\systemDictionary.cpp, line 256]
Event: 1239.306 Thread 0x0000023a34dffc00 Exception <a 'java/lang/reflect/InvocationTargetException'{0x000000068ffcc9c8}> (0x000000068ffcc9c8) 
thrown [e:\jenkins\tmp\workspace\build\src\src\hotspot\share\runtime\reflection.cpp, line 1121]
Event: 1239.332 Thread 0x0000023a34dffc00 Exception <a 'java/io/FileNotFoundException'{0x000000068fac6688}> (0x000000068fac6688) 
thrown [e:\jenkins\tmp\workspace\build\src\src\hotspot\share\prims\jni.cpp, line 516]
Event: 1239.359 Thread 0x0000023a34dffc00 Exception <a 'java/lang/ClassNotFoundException'{0x000000068f00e9a8}: java/lang/ObjectCustomizer> (0x000000068f00e9a8) 
thrown [e:\jenkins\tmp\workspace\build\src\src\hotspot\share\classfile\systemDictionary.cpp, line 256]
Event: 1239.360 Thread 0x0000023a34dffc00 Exception <a 'java/lang/ClassNotFoundException'{0x000000068f018378}: br/com/grapesoft/sgc/security/config/WebSecurityConfigCustomizer> (0x000000068f018378) 
thrown [e:\jenkins\tmp\workspace\build\src\src\hotspot\share\classfile\systemDictionary.cpp, line 256]
Event: 1239.360 Thread 0x0000023a34dffc00 Exception <a 'java/lang/ClassNotFoundException'{0x000000068f022810}: br/com/grapesoft/sgc/security/config/WebSecurityConfig$$EnhancerBySpringCGLIB$$874c69b7Customizer> (0x000000068f022810) 
thrown [e:\jenkins\tmp\workspace\build\src\src\hotspot\share\classfile\systemDictionary.cpp, line 256]
Event: 1239.361 Thread 0x0000023a34dffc00 Exception <a 'java/lang/ClassNotFoundException'{0x000000068f030990}: org/springframework/context/annotation/ConfigurationClassEnhancer$EnhancedConfigurationCustomizer> (0x000000068f030990) 
thrown [e:\jenkins\tmp\workspace\build\src\src\hotspot\share\classfile\systemDictionary.cpp, line 256]
Event: 1239.361 Thread 0x0000023a34dffc00 Exception <a 'java/lang/ClassNotFoundException'{0x000000068f036140}: org/springframework/beans/factory/BeanFactoryAwareCustomizer> (0x000000068f036140) 
thrown [e:\jenkins\tmp\workspace\build\src\src\hotspot\share\classfile\systemDictionary.cpp, line 256]
Event: 1239.362 Thread 0x0000023a34dffc00 Exception <a 'java/lang/ClassNotFoundException'{0x000000068f03cd10}: org/springframework/beans/factory/AwareCustomizer> (0x000000068f03cd10) 
thrown [e:\jenkins\tmp\workspace\build\src\src\hotspot\share\classfile\systemDictionary.cpp, line 256]

VM Operations (20 events):
Event: 1240.729 Executing VM operation: ChangeSingleStep
Event: 1240.729 Executing VM operation: ChangeSingleStep done
Event: 1240.729 Executing VM operation: ChangeSingleStep
Event: 1240.729 Executing VM operation: ChangeSingleStep done
Event: 1240.749 Executing VM operation: RedefineClasses
Event: 1240.788 Executing VM operation: RedefineClasses done
Event: 1240.790 Executing VM operation: ChangeSingleStep
Event: 1240.790 Executing VM operation: ChangeSingleStep done
Event: 1240.790 Executing VM operation: get/set locals
Event: 1240.790 Executing VM operation: get/set locals done
Event: 1240.791 Executing VM operation: ChangeSingleStep
Event: 1240.791 Executing VM operation: ChangeSingleStep done
Event: 1240.798 Executing VM operation: GetObjectMonitorUsage
Event: 1240.798 Executing VM operation: GetObjectMonitorUsage done
Event: 1240.799 Executing VM operation: GetObjectMonitorUsage
Event: 1240.799 Executing VM operation: GetObjectMonitorUsage done
Event: 1240.808 Executing VM operation: GetObjectMonitorUsage
Event: 1240.808 Executing VM operation: GetObjectMonitorUsage done
Event: 1240.809 Executing VM operation: GetObjectMonitorUsage
Event: 1240.809 Executing VM operation: GetObjectMonitorUsage done

Events (20 events):
Event: 1239.581 Thread 0x0000023a34e02280 Thread added: 0x0000023a34e02280
Event: 1239.592 Thread 0x0000023a34e000d0 Thread added: 0x0000023a34e000d0
Event: 1239.593 Thread 0x0000023a34dfaf00 Thread added: 0x0000023a34dfaf00
Event: 1239.593 Thread 0x0000023a34dfcbe0 Thread added: 0x0000023a34dfcbe0
Event: 1239.593 Thread 0x0000023a34dfe3f0 Thread added: 0x0000023a34dfe3f0
Event: 1239.593 Thread 0x0000023a34e005a0 Thread added: 0x0000023a34e005a0
Event: 1239.593 Thread 0x0000023a34e00a70 Thread added: 0x0000023a34e00a70
Event: 1239.593 Thread 0x0000023a34e00f40 Thread added: 0x0000023a34e00f40
Event: 1239.594 Thread 0x0000023a34e01410 Thread added: 0x0000023a34e01410
Event: 1239.594 Thread 0x0000023a34dfb3d0 Thread added: 0x0000023a34dfb3d0
Event: 1239.594 Thread 0x0000023a34e01db0 Thread added: 0x0000023a34e01db0
Event: 1239.598 Thread 0x0000023a34dfaa30 Thread added: 0x0000023a34dfaa30
Event: 1239.598 Thread 0x0000023a34dfb8a0 Thread added: 0x0000023a34dfb8a0
Event: 1239.604 Thread 0x0000023a34dfbd70 Thread added: 0x0000023a34dfbd70
Event: 1239.607 Thread 0x0000023a34dfc240 Thread added: 0x0000023a34dfc240
Event: 1239.610 Thread 0x0000023a2e8a1fe0 Thread added: 0x0000023a2e8a1fe0
Event: 1239.614 Thread 0x0000023a2e8a6ce0 Thread added: 0x0000023a2e8a6ce0
Event: 1239.616 Thread 0x0000023a2e8a71b0 Thread added: 0x0000023a2e8a71b0
Event: 1239.619 Thread 0x0000023a2e8a71b0 Thread exited: 0x0000023a2e8a71b0
Event: 1240.639 Thread 0x0000023a2e8a1fe0 Thread exited: 0x0000023a2e8a1fe0


Dynamic libraries:
0x00007ff7d36b0000 - 0x00007ff7d36be000 	C:\dev\sts-4.15.1.RELEASE\plugins\org.eclipse.justj.openjdk.hotspot.jre.full.win32.x86_64_17.0.3.v20220515-1416\jre\bin\javaw.exe
0x00007ff949c70000 - 0x00007ff949e68000 	C:\WINDOWS\SYSTEM32\ntdll.dll
0x00007ff948980000 - 0x00007ff948a3d000 	C:\WINDOWS\System32\KERNEL32.DLL
0x00007ff9476e0000 - 0x00007ff9479ae000 	C:\WINDOWS\System32\KERNELBASE.dll
0x00007ff9473c0000 - 0x00007ff9474c0000 	C:\WINDOWS\System32\ucrtbase.dll
0x00007ff902d10000 - 0x00007ff902d28000 	C:\dev\sts-4.15.1.RELEASE\plugins\org.eclipse.justj.openjdk.hotspot.jre.full.win32.x86_64_17.0.3.v20220515-1416\jre\bin\jli.dll
0x00007ff93f080000 - 0x00007ff93f099000 	C:\dev\sts-4.15.1.RELEASE\plugins\org.eclipse.justj.openjdk.hotspot.jre.full.win32.x86_64_17.0.3.v20220515-1416\jre\bin\VCRUNTIME140.dll
0x00007ff947db0000 - 0x00007ff947f50000 	C:\WINDOWS\System32\USER32.dll
0x00007ff947390000 - 0x00007ff9473b2000 	C:\WINDOWS\System32\win32u.dll
0x00007ff9345a0000 - 0x00007ff93483a000 	C:\WINDOWS\WinSxS\amd64_microsoft.windows.common-controls_6595b64144ccf1df_6.0.19041.1110_none_60b5254171f9507e\COMCTL32.dll
0x00007ff949280000 - 0x00007ff9492aa000 	C:\WINDOWS\System32\GDI32.dll
0x00007ff949340000 - 0x00007ff9493de000 	C:\WINDOWS\System32\msvcrt.dll
0x00007ff947530000 - 0x00007ff94763b000 	C:\WINDOWS\System32\gdi32full.dll
0x00007ff947640000 - 0x00007ff9476dd000 	C:\WINDOWS\System32\msvcp_win.dll
0x00007ff948a40000 - 0x00007ff948a70000 	C:\WINDOWS\System32\IMM32.DLL
0x0000023a13f90000 - 0x0000023a13fa4000 	C:\WINDOWS\System32\umppc15316.dll
0x00007ff946c10000 - 0x00007ff946d14000 	C:\Program Files\Avecto\Privilege Guard Client\PGHook.dll
0x00007ff943ab0000 - 0x00007ff943abc000 	C:\dev\sts-4.15.1.RELEASE\plugins\org.eclipse.justj.openjdk.hotspot.jre.full.win32.x86_64_17.0.3.v20220515-1416\jre\bin\vcruntime140_1.dll
0x00007ff91bae0000 - 0x00007ff91bb71000 	C:\dev\sts-4.15.1.RELEASE\plugins\org.eclipse.justj.openjdk.hotspot.jre.full.win32.x86_64_17.0.3.v20220515-1416\jre\bin\msvcp140.dll
0x00007ff8d1970000 - 0x00007ff8d25b8000 	C:\dev\sts-4.15.1.RELEASE\plugins\org.eclipse.justj.openjdk.hotspot.jre.full.win32.x86_64_17.0.3.v20220515-1416\jre\bin\server\jvm.dll
0x00007ff9493e0000 - 0x00007ff94948e000 	C:\WINDOWS\System32\ADVAPI32.dll
0x00007ff947f50000 - 0x00007ff947fec000 	C:\WINDOWS\System32\sechost.dll
0x00007ff9480b0000 - 0x00007ff9481d5000 	C:\WINDOWS\System32\RPCRT4.dll
0x00007ff9480a0000 - 0x00007ff9480a8000 	C:\WINDOWS\System32\PSAPI.DLL
0x00007ff934190000 - 0x00007ff934199000 	C:\WINDOWS\SYSTEM32\WSOCK32.dll
0x00007ff949bc0000 - 0x00007ff949c2b000 	C:\WINDOWS\System32\WS2_32.dll
0x00007ff93b8a0000 - 0x00007ff93b8c7000 	C:\WINDOWS\SYSTEM32\WINMM.dll
0x00007ff93b980000 - 0x00007ff93b98a000 	C:\WINDOWS\SYSTEM32\VERSION.dll
0x00007ff945b40000 - 0x00007ff945b52000 	C:\WINDOWS\SYSTEM32\kernel.appcore.dll
0x00007ff940220000 - 0x00007ff94022a000 	C:\dev\sts-4.15.1.RELEASE\plugins\org.eclipse.justj.openjdk.hotspot.jre.full.win32.x86_64_17.0.3.v20220515-1416\jre\bin\jimage.dll
0x00007ff944cd0000 - 0x00007ff944eb4000 	C:\WINDOWS\SYSTEM32\DBGHELP.DLL
0x00007ff9331f0000 - 0x00007ff93321c000 	C:\WINDOWS\SYSTEM32\dbgcore.DLL
0x00007ff947c40000 - 0x00007ff947cc2000 	C:\WINDOWS\System32\bcryptPrimitives.dll
0x00007ff91baa0000 - 0x00007ff91badb000 	C:\dev\sts-4.15.1.RELEASE\plugins\org.eclipse.justj.openjdk.hotspot.jre.full.win32.x86_64_17.0.3.v20220515-1416\jre\bin\jdwp.dll
0x00007ff93c510000 - 0x00007ff93c51e000 	C:\dev\sts-4.15.1.RELEASE\plugins\org.eclipse.justj.openjdk.hotspot.jre.full.win32.x86_64_17.0.3.v20220515-1416\jre\bin\instrument.dll
0x00007ff910b00000 - 0x00007ff910b25000 	C:\dev\sts-4.15.1.RELEASE\plugins\org.eclipse.justj.openjdk.hotspot.jre.full.win32.x86_64_17.0.3.v20220515-1416\jre\bin\java.dll
0x00007ff9296c0000 - 0x00007ff9296d8000 	C:\dev\sts-4.15.1.RELEASE\plugins\org.eclipse.justj.openjdk.hotspot.jre.full.win32.x86_64_17.0.3.v20220515-1416\jre\bin\zip.dll
0x00007ff948b30000 - 0x00007ff949274000 	C:\WINDOWS\System32\SHELL32.dll
0x00007ff9452e0000 - 0x00007ff945a74000 	C:\WINDOWS\SYSTEM32\windows.storage.dll
0x00007ff948450000 - 0x00007ff9487a4000 	C:\WINDOWS\System32\combase.dll
0x00007ff946b90000 - 0x00007ff946bc0000 	C:\WINDOWS\SYSTEM32\Wldp.dll
0x00007ff947ff0000 - 0x00007ff94809d000 	C:\WINDOWS\System32\SHCORE.dll
0x00007ff947cd0000 - 0x00007ff947d25000 	C:\WINDOWS\System32\shlwapi.dll
0x00007ff9472d0000 - 0x00007ff9472ef000 	C:\WINDOWS\SYSTEM32\profapi.dll
0x00007ff940230000 - 0x00007ff94023c000 	C:\dev\sts-4.15.1.RELEASE\plugins\org.eclipse.justj.openjdk.hotspot.jre.full.win32.x86_64_17.0.3.v20220515-1416\jre\bin\dt_socket.dll
0x00007ff946620000 - 0x00007ff94665b000 	C:\WINDOWS\SYSTEM32\IPHLPAPI.DLL
0x00007ff946910000 - 0x00007ff94697a000 	C:\WINDOWS\system32\mswsock.dll
0x00007ff946660000 - 0x00007ff94672b000 	C:\WINDOWS\SYSTEM32\DNSAPI.dll
0x00007ff9481e0000 - 0x00007ff9481e8000 	C:\WINDOWS\System32\NSI.dll
0x00007ff93f450000 - 0x00007ff93f45a000 	C:\Windows\System32\rasadhlp.dll
0x00007ff9411b0000 - 0x00007ff941230000 	C:\WINDOWS\System32\fwpuclnt.dll
0x00007ff9479b0000 - 0x00007ff9479d7000 	C:\WINDOWS\System32\bcrypt.dll
0x00007ff910ae0000 - 0x00007ff910af9000 	C:\dev\sts-4.15.1.RELEASE\plugins\org.eclipse.justj.openjdk.hotspot.jre.full.win32.x86_64_17.0.3.v20220515-1416\jre\bin\net.dll
0x00007ff9414c0000 - 0x00007ff9415ca000 	C:\WINDOWS\SYSTEM32\WINHTTP.dll
0x00007ff910ac0000 - 0x00007ff910ad5000 	C:\dev\sts-4.15.1.RELEASE\plugins\org.eclipse.justj.openjdk.hotspot.jre.full.win32.x86_64_17.0.3.v20220515-1416\jre\bin\nio.dll
0x00007ff931800000 - 0x00007ff931809000 	C:\dev\sts-4.15.1.RELEASE\plugins\org.eclipse.justj.openjdk.hotspot.jre.full.win32.x86_64_17.0.3.v20220515-1416\jre\bin\management.dll
0x00007ff927ed0000 - 0x00007ff927edb000 	C:\dev\sts-4.15.1.RELEASE\plugins\org.eclipse.justj.openjdk.hotspot.jre.full.win32.x86_64_17.0.3.v20220515-1416\jre\bin\management_ext.dll
0x00007ff934170000 - 0x00007ff934187000 	C:\WINDOWS\system32\napinsp.dll
0x00007ff934150000 - 0x00007ff93416b000 	C:\WINDOWS\system32\pnrpnsp.dll
0x00007ff9427c0000 - 0x00007ff9427d5000 	C:\WINDOWS\system32\wshbth.dll
0x00007ff943370000 - 0x00007ff94338d000 	C:\WINDOWS\system32\NLAapi.dll
0x00007ff9337d0000 - 0x00007ff9337e2000 	C:\WINDOWS\System32\winrnr.dll
0x00007ff946bd0000 - 0x00007ff946be8000 	C:\WINDOWS\SYSTEM32\CRYPTSP.dll
0x00007ff9462b0000 - 0x00007ff9462e4000 	C:\WINDOWS\system32\rsaenh.dll
0x00007ff947290000 - 0x00007ff9472be000 	C:\WINDOWS\SYSTEM32\USERENV.dll
0x00007ff946aa0000 - 0x00007ff946aac000 	C:\WINDOWS\SYSTEM32\CRYPTBASE.dll
0x00007ff941190000 - 0x00007ff9411a7000 	C:\WINDOWS\SYSTEM32\dhcpcsvc6.DLL
0x00007ff941150000 - 0x00007ff94116d000 	C:\WINDOWS\SYSTEM32\dhcpcsvc.DLL
0x00007ff93ec30000 - 0x00007ff93ec40000 	C:\dev\sts-4.15.1.RELEASE\plugins\org.eclipse.justj.openjdk.hotspot.jre.full.win32.x86_64_17.0.3.v20220515-1416\jre\bin\verify.dll
0x00007ff93c490000 - 0x00007ff93c49e000 	C:\dev\sts-4.15.1.RELEASE\plugins\org.eclipse.justj.openjdk.hotspot.jre.full.win32.x86_64_17.0.3.v20220515-1416\jre\bin\sunmscapi.dll
0x00007ff9479e0000 - 0x00007ff947b36000 	C:\WINDOWS\System32\CRYPT32.dll
0x00007ff946e60000 - 0x00007ff946e87000 	C:\WINDOWS\SYSTEM32\ncrypt.dll
0x00007ff946e20000 - 0x00007ff946e5b000 	C:\WINDOWS\SYSTEM32\NTASN1.dll
0x00007ff921a90000 - 0x00007ff921a97000 	C:\WINDOWS\system32\wshunix.dll

dbghelp: loaded successfully - version: 4.0.5 - missing functions: none
symbol engine: initialized successfully - sym options: 0x614 - pdb path: .;C:\dev\sts-4.15.1.RELEASE\plugins\org.eclipse.justj.openjdk.hotspot.jre.full.win32.x86_64_17.0.3.v20220515-1416\jre\bin;C:\WINDOWS\SYSTEM32;C:\WINDOWS\WinSxS\amd64_microsoft.windows.common-controls_6595b64144ccf1df_6.0.19041.1110_none_60b5254171f9507e;C:\Program Files\Avecto\Privilege Guard Client;C:\dev\sts-4.15.1.RELEASE\plugins\org.eclipse.justj.openjdk.hotspot.jre.full.win32.x86_64_17.0.3.v20220515-1416\jre\bin\server

VM Arguments:
jvm_args: -XX:+ShowCodeDetailsInExceptionMessages -agentlib:jdwp=transport=dt_socket,suspend=y,address=localhost:52031 -Dcom.sun.management.jmxremote -Dcom.sun.management.jmxremote.port=52030 -Dcom.sun.management.jmxremote.authenticate=false -Dcom.sun.management.jmxremote.ssl=false -Djava.rmi.server.hostname=localhost -Dspring.jmx.enabled=true -Dspring.application.admin.enabled=true -XX:TieredStopAtLevel=1 -Dspring.boot.project.name=sgc -javaagent:C:\dev\sts-4.15.1.RELEASE\configuration\org.eclipse.osgi\258\0\.cp\lib\javaagent-shaded.jar -Dfile.encoding=UTF-8 
java_command: br.com.grapesoft.sgc.SgcApplication --spring.profiles.active=dev --spring.output.ansi.enabled=always
java_class_path (initial): C:\dev\java\sgc\target\classes;C:\Users\jhsilva\.m2\repository\org\springframework\boot\spring-boot-starter-data-jpa\2.7.2\spring-boot-starter-data-jpa-2.7.2.jar;C:\Users\jhsilva\.m2\repository\org\springframework\boot\spring-boot-starter-aop\2.7.2\spring-boot-starter-aop-2.7.2.jar;C:\Users\jhsilva\.m2\repository\org\aspectj\aspectjweaver\1.9.7\aspectjweaver-1.9.7.jar;C:\Users\jhsilva\.m2\repository\org\springframework\boot\spring-boot-starter-jdbc\2.7.2\spring-boot-starter-jdbc-2.7.2.jar;C:\Users\jhsilva\.m2\repository\com\zaxxer\HikariCP\4.0.3\HikariCP-4.0.3.jar;C:\Users\jhsilva\.m2\repository\org\springframework\spring-jdbc\5.3.22\spring-jdbc-5.3.22.jar;C:\Users\jhsilva\.m2\repository\jakarta\transaction\jakarta.transaction-api\1.3.3\jakarta.transaction-api-1.3.3.jar;C:\Users\jhsilva\.m2\repository\jakarta\persistence\jakarta.persistence-api\2.2.3\jakarta.persistence-api-2.2.3.jar;C:\Users\jhsilva\.m2\repository\org\hibernate\hibernate-core\5.6.10.Final\hibernate-core-5.6.10.Final.jar;C:\Users\jhsilva\.m2\repository\org\jboss\logging\jboss-logging\3.4.3.Final\jboss-logging-3.4.3.Final.jar;C:\Users\jhsilva\.m2\repository\net\bytebuddy\byte-buddy\1.12.12\byte-buddy-1.12.12.jar;C:\Users\jhsilva\.m2\repository\antlr\antlr\2.7.7\antlr-2.7.7.jar;C:\Users\jhsilva\.m2\repository\org\jboss\jandex\2.4.2.Final\jandex-2.4.2.Final.jar;C:\Users\jhsilva\.m2\repository\com\fasterxml\classmate\1.5.1\classmate-1.5.1.jar;C:\Users\jhsilva\.m2\repository\org\hibernate\common\hibernate-commons-annotations\5.1.2.Final\hibernate-commons-annotations-5.1.2.Final.jar;C:\Users\jhsilva\.m2\repository\org\glassfish\jaxb\jaxb-runtime\2.3.6\jaxb-runtime-2.3.6.jar;C:\Users\jhsilva\.m2\repository\org\glassfish\jaxb\txw2\2.3.6\txw2-2.3.6.jar;C:\Users\jhsilva\.m2\repository\com\sun\istack\istack-commons-runtime\3.0.12\istack-commons-runtime-3.0.12.jar;C:\Users\jhsilva\.m2\repository\com\sun\activation\jakarta.activation\1.2.2\jakarta.activation-1.2.2.jar;C:\Users\jhsilv
Launcher Type: SUN_STANDARD

[Global flags]
     intx CICompilerCount                          = 4                                         {product} {ergonomic}
     uint ConcGCThreads                            = 3                                         {product} {ergonomic}
     uint G1ConcRefinementThreads                  = 10                                        {product} {ergonomic}
   size_t G1HeapRegionSize                         = 4194304                                   {product} {ergonomic}
    uintx GCDrainStackTargetSize                   = 64                                        {product} {ergonomic}
   size_t InitialHeapSize                          = 390070272                                 {product} {ergonomic}
     bool ManagementServer                         = true                                      {product} {command line}
   size_t MarkStackSize                            = 4194304                                   {product} {ergonomic}
   size_t MaxHeapSize                              = 6236930048                                {product} {ergonomic}
   size_t MaxNewSize                               = 3741319168                                {product} {ergonomic}
   size_t MinHeapDeltaBytes                        = 4194304                                   {product} {ergonomic}
   size_t MinHeapSize                              = 8388608                                   {product} {ergonomic}
    uintx NonProfiledCodeHeapSize                  = 0                                      {pd product} {ergonomic}
     bool ProfileInterpreter                       = false                                  {pd product} {command line}
    uintx ProfiledCodeHeapSize                     = 0                                      {pd product} {ergonomic}
     bool ShowCodeDetailsInExceptionMessages       = true                                   {manageable} {command line}
   size_t SoftMaxHeapSize                          = 6236930048                             {manageable} {ergonomic}
     intx TieredStopAtLevel                        = 1                                         {product} {command line}
     bool UseCompressedClassPointers               = true                           {product lp64_product} {ergonomic}
     bool UseCompressedOops                        = true                           {product lp64_product} {ergonomic}
     bool UseG1GC                                  = true                                      {product} {ergonomic}
     bool UseLargePagesIndividualAllocation        = false                                  {pd product} {ergonomic}

Logging:
Log output configuration:
 #0: stdout all=warning uptime,level,tags
 #1: stderr all=off uptime,level,tags

Environment Variables:
JAVA_HOME=C:\Program Files\Java\jdk-11.0.12
PATH=C:\dev\sts-4.15.1.RELEASE\plugins\org.eclipse.justj.openjdk.hotspot.jre.full.win32.x86_64_17.0.3.v20220515-1416\jre\bin;C:/dev/sts-4.15.1.RELEASE//plugins/org.eclipse.justj.openjdk.hotspot.jre.full.win32.x86_64_17.0.3.v20220515-1416/jre/bin/server;C:/dev/sts-4.15.1.RELEASE//plugins/org.eclipse.justj.openjdk.hotspot.jre.full.win32.x86_64_17.0.3.v20220515-1416/jre/bin;C:\Program Files\Common Files\Oracle\Java\javapath;C:\Program Files\AdoptOpenJDK\jdk-15.0.0.36-hotspot\bin;C:\WINDOWS\system32;C:\WINDOWS;C:\WINDOWS\System32\Wbem;C:\WINDOWS\System32\WindowsPowerShell\v1.0\;C:\WINDOWS\System32\OpenSSH\;C:\Users\jhsilva\AppData\Roaming\nvm;C:\Program Files\nodejs;C:\dev\ferramentas\jboss-eap-7.4.0-site\jboss-eap-7.4;C:\dev\ferramentas\jboss-eap-7.4.0-site\jboss-eap-7.4\bin;C:\Program Files\Java\jdk-11.0.12\bin;C:\dev\ferramentas\apache-maven-3.8.4\bin;;C:\Program Files\Docker\Docker\resources\bin;C:\ProgramData\DockerDesktop\version-bin;C:\ProgramData\UNIVALI\Portugol Studio;C:\Users\jhsilva\AppData\Local\Programs\Python\Python310\Scripts\;C:\Users\jhsilva\AppData\Local\Programs\Python\Python310\;C:\Users\jhsilva\AppData\Local\Microsoft\WindowsApps;C:\Users\jhsilva\AppData\Local\Programs\Microsoft VS Code\bin;C:\Users\jhsilva\AppData\Local\Programs\Git\cmd;C:\Users\jhsilva\AppData\Roaming\nvm;C:\Program Files\nodejs;C:\Program Files\Java\jdk-11.0.12\bin;C:\dev\ferramentas\apache-maven-3.8.4\bin;;C:\dev\sts-4.15.1.RELEASE;
USERNAME=jhsilva
OS=Windows_NT
PROCESSOR_IDENTIFIER=AMD64 Family 23 Model 96 Stepping 1, AuthenticAMD



---------------  S Y S T E M  ---------------

OS:
 Windows 10 , 64 bit Build 19041 (10.0.19041.1806)
OS uptime: 4 days 16:45 hours
Hyper-V role detected

CPU: total 12 (initial active 12) (12 cores per cpu, 2 threads per core) family 23 model 96 stepping 1 microcode 0x0, cx8, cmov, fxsr, ht, mmx, 3dnowpref, sse, sse2, sse3, ssse3, sse4a, sse4.1, sse4.2, popcnt, lzcnt, tsc, tscinvbit, avx, avx2, aes, clmul, bmi1, bmi2, adx, sha, fma, vzeroupper, clflush, clflushopt, hv

Memory: 4k page, system-wide physical 23783M (5030M free)
TotalPageFile size 36612M (AvailPageFile size 5849M)
current process WorkingSet (physical memory assigned to process): 265M, peak: 331M
current process commit charge ("private bytes"): 299M, peak: 492M

vm_info: OpenJDK 64-Bit Server VM (17.0.3+7) for windows-amd64 JRE (17.0.3+7), built on Apr 19 2022 16:55:35 by "" with MS VC++ 16.7 (VS2019)

END.
